<?xml version="1.0" encoding="UTF-8"?>
<testsuite xmlns:xsi="http://www.w3.org/2001/XMLSchema-instance" xsi:noNamespaceSchemaLocation="https://maven.apache.org/surefire/maven-surefire-plugin/xsd/surefire-test-report-3.0.xsd" version="3.0" name="com.example.sunrisesunsetforecast.client.OpenMeteoClientTest" time="2.944" tests="1" errors="0" skipped="0" failures="0">
  <properties>
    <property name="java.specification.version" value="17"/>
    <property name="sun.cpu.isalist" value="amd64"/>
    <property name="sun.jnu.encoding" value="Cp1252"/>
    <property name="java.class.path" value="C:\AI\projects\sunrise-sunset-forecast\target\test-classes;C:\AI\projects\sunrise-sunset-forecast\target\classes;C:\Users\Charan\.m2\repository\org\springframework\boot\spring-boot-starter-web\3.1.5\spring-boot-starter-web-3.1.5.jar;C:\Users\Charan\.m2\repository\org\springframework\boot\spring-boot-starter\3.1.5\spring-boot-starter-3.1.5.jar;C:\Users\Charan\.m2\repository\org\springframework\boot\spring-boot\3.1.5\spring-boot-3.1.5.jar;C:\Users\Charan\.m2\repository\org\springframework\boot\spring-boot-autoconfigure\3.1.5\spring-boot-autoconfigure-3.1.5.jar;C:\Users\Charan\.m2\repository\org\springframework\boot\spring-boot-starter-logging\3.1.5\spring-boot-starter-logging-3.1.5.jar;C:\Users\Charan\.m2\repository\ch\qos\logback\logback-classic\1.4.11\logback-classic-1.4.11.jar;C:\Users\Charan\.m2\repository\ch\qos\logback\logback-core\1.4.11\logback-core-1.4.11.jar;C:\Users\Charan\.m2\repository\org\apache\logging\log4j\log4j-to-slf4j\2.20.0\log4j-to-slf4j-2.20.0.jar;C:\Users\Charan\.m2\repository\org\slf4j\jul-to-slf4j\2.0.9\jul-to-slf4j-2.0.9.jar;C:\Users\Charan\.m2\repository\jakarta\annotation\jakarta.annotation-api\2.1.1\jakarta.annotation-api-2.1.1.jar;C:\Users\Charan\.m2\repository\org\yaml\snakeyaml\1.33\snakeyaml-1.33.jar;C:\Users\Charan\.m2\repository\org\springframework\boot\spring-boot-starter-json\3.1.5\spring-boot-starter-json-3.1.5.jar;C:\Users\Charan\.m2\repository\com\fasterxml\jackson\datatype\jackson-datatype-jdk8\2.15.3\jackson-datatype-jdk8-2.15.3.jar;C:\Users\Charan\.m2\repository\com\fasterxml\jackson\datatype\jackson-datatype-jsr310\2.15.3\jackson-datatype-jsr310-2.15.3.jar;C:\Users\Charan\.m2\repository\com\fasterxml\jackson\module\jackson-module-parameter-names\2.15.3\jackson-module-parameter-names-2.15.3.jar;C:\Users\Charan\.m2\repository\org\springframework\boot\spring-boot-starter-tomcat\3.1.5\spring-boot-starter-tomcat-3.1.5.jar;C:\Users\Charan\.m2\repository\org\apache\tomcat\embed\tomcat-embed-core\10.1.15\tomcat-embed-core-10.1.15.jar;C:\Users\Charan\.m2\repository\org\apache\tomcat\embed\tomcat-embed-websocket\10.1.15\tomcat-embed-websocket-10.1.15.jar;C:\Users\Charan\.m2\repository\org\springframework\spring-web\6.0.13\spring-web-6.0.13.jar;C:\Users\Charan\.m2\repository\org\springframework\spring-beans\6.0.13\spring-beans-6.0.13.jar;C:\Users\Charan\.m2\repository\io\micrometer\micrometer-observation\1.11.5\micrometer-observation-1.11.5.jar;C:\Users\Charan\.m2\repository\io\micrometer\micrometer-commons\1.11.5\micrometer-commons-1.11.5.jar;C:\Users\Charan\.m2\repository\org\springframework\spring-webmvc\6.0.13\spring-webmvc-6.0.13.jar;C:\Users\Charan\.m2\repository\org\springframework\spring-aop\6.0.13\spring-aop-6.0.13.jar;C:\Users\Charan\.m2\repository\org\springframework\spring-context\6.0.13\spring-context-6.0.13.jar;C:\Users\Charan\.m2\repository\org\springframework\spring-expression\6.0.13\spring-expression-6.0.13.jar;C:\Users\Charan\.m2\repository\org\springframework\boot\spring-boot-starter-validation\3.1.5\spring-boot-starter-validation-3.1.5.jar;C:\Users\Charan\.m2\repository\org\apache\tomcat\embed\tomcat-embed-el\10.1.15\tomcat-embed-el-10.1.15.jar;C:\Users\Charan\.m2\repository\org\hibernate\validator\hibernate-validator\8.0.1.Final\hibernate-validator-8.0.1.Final.jar;C:\Users\Charan\.m2\repository\jakarta\validation\jakarta.validation-api\3.0.2\jakarta.validation-api-3.0.2.jar;C:\Users\Charan\.m2\repository\org\jboss\logging\jboss-logging\3.5.3.Final\jboss-logging-3.5.3.Final.jar;C:\Users\Charan\.m2\repository\com\fasterxml\classmate\1.5.1\classmate-1.5.1.jar;C:\Users\Charan\.m2\repository\org\springframework\boot\spring-boot-starter-cache\3.1.5\spring-boot-starter-cache-3.1.5.jar;C:\Users\Charan\.m2\repository\org\springframework\spring-context-support\6.0.13\spring-context-support-6.0.13.jar;C:\Users\Charan\.m2\repository\com\github\ben-manes\caffeine\caffeine\3.1.8\caffeine-3.1.8.jar;C:\Users\Charan\.m2\repository\org\checkerframework\checker-qual\3.37.0\checker-qual-3.37.0.jar;C:\Users\Charan\.m2\repository\com\google\errorprone\error_prone_annotations\2.21.1\error_prone_annotations-2.21.1.jar;C:\Users\Charan\.m2\repository\org\springframework\boot\spring-boot-starter-webflux\3.1.5\spring-boot-starter-webflux-3.1.5.jar;C:\Users\Charan\.m2\repository\org\springframework\boot\spring-boot-starter-reactor-netty\3.1.5\spring-boot-starter-reactor-netty-3.1.5.jar;C:\Users\Charan\.m2\repository\io\projectreactor\netty\reactor-netty-http\1.1.12\reactor-netty-http-1.1.12.jar;C:\Users\Charan\.m2\repository\io\netty\netty-codec-http\4.1.100.Final\netty-codec-http-4.1.100.Final.jar;C:\Users\Charan\.m2\repository\io\netty\netty-handler\4.1.100.Final\netty-handler-4.1.100.Final.jar;C:\Users\Charan\.m2\repository\io\netty\netty-codec-http2\4.1.100.Final\netty-codec-http2-4.1.100.Final.jar;C:\Users\Charan\.m2\repository\io\netty\netty-resolver-dns\4.1.100.Final\netty-resolver-dns-4.1.100.Final.jar;C:\Users\Charan\.m2\repository\io\netty\netty-codec-dns\4.1.100.Final\netty-codec-dns-4.1.100.Final.jar;C:\Users\Charan\.m2\repository\io\netty\netty-resolver-dns-native-macos\4.1.100.Final\netty-resolver-dns-native-macos-4.1.100.Final-osx-x86_64.jar;C:\Users\Charan\.m2\repository\io\netty\netty-resolver-dns-classes-macos\4.1.100.Final\netty-resolver-dns-classes-macos-4.1.100.Final.jar;C:\Users\Charan\.m2\repository\io\netty\netty-transport-native-epoll\4.1.100.Final\netty-transport-native-epoll-4.1.100.Final-linux-x86_64.jar;C:\Users\Charan\.m2\repository\io\netty\netty-transport-native-unix-common\4.1.100.Final\netty-transport-native-unix-common-4.1.100.Final.jar;C:\Users\Charan\.m2\repository\io\projectreactor\netty\reactor-netty-core\1.1.12\reactor-netty-core-1.1.12.jar;C:\Users\Charan\.m2\repository\io\netty\netty-handler-proxy\4.1.100.Final\netty-handler-proxy-4.1.100.Final.jar;C:\Users\Charan\.m2\repository\io\netty\netty-codec-socks\4.1.100.Final\netty-codec-socks-4.1.100.Final.jar;C:\Users\Charan\.m2\repository\org\springframework\spring-webflux\6.0.13\spring-webflux-6.0.13.jar;C:\Users\Charan\.m2\repository\io\projectreactor\reactor-core\3.5.11\reactor-core-3.5.11.jar;C:\Users\Charan\.m2\repository\com\squareup\okhttp3\okhttp\4.10.0\okhttp-4.10.0.jar;C:\Users\Charan\.m2\repository\com\squareup\okio\okio-jvm\3.0.0\okio-jvm-3.0.0.jar;C:\Users\Charan\.m2\repository\org\jetbrains\kotlin\kotlin-stdlib-jdk8\1.8.22\kotlin-stdlib-jdk8-1.8.22.jar;C:\Users\Charan\.m2\repository\org\jetbrains\kotlin\kotlin-stdlib-jdk7\1.8.22\kotlin-stdlib-jdk7-1.8.22.jar;C:\Users\Charan\.m2\repository\org\jetbrains\kotlin\kotlin-stdlib-common\1.8.22\kotlin-stdlib-common-1.8.22.jar;C:\Users\Charan\.m2\repository\org\jetbrains\kotlin\kotlin-stdlib\1.8.22\kotlin-stdlib-1.8.22.jar;C:\Users\Charan\.m2\repository\org\jetbrains\annotations\13.0\annotations-13.0.jar;C:\Users\Charan\.m2\repository\com\fasterxml\jackson\core\jackson-databind\2.15.3\jackson-databind-2.15.3.jar;C:\Users\Charan\.m2\repository\com\fasterxml\jackson\core\jackson-annotations\2.15.3\jackson-annotations-2.15.3.jar;C:\Users\Charan\.m2\repository\com\fasterxml\jackson\core\jackson-core\2.15.3\jackson-core-2.15.3.jar;C:\Users\Charan\.m2\repository\dev\langchain4j\langchain4j\0.24.0\langchain4j-0.24.0.jar;C:\Users\Charan\.m2\repository\dev\langchain4j\langchain4j-core\0.24.0\langchain4j-core-0.24.0.jar;C:\Users\Charan\.m2\repository\com\google\code\gson\gson\2.10.1\gson-2.10.1.jar;C:\Users\Charan\.m2\repository\com\github\spullara\mustache\java\compiler\0.9.10\compiler-0.9.10.jar;C:\Users\Charan\.m2\repository\com\squareup\retrofit2\retrofit\2.9.0\retrofit-2.9.0.jar;C:\Users\Charan\.m2\repository\org\apache\opennlp\opennlp-tools\1.9.4\opennlp-tools-1.9.4.jar;C:\Users\Charan\.m2\repository\org\apache\pdfbox\pdfbox\2.0.29\pdfbox-2.0.29.jar;C:\Users\Charan\.m2\repository\org\apache\pdfbox\fontbox\2.0.29\fontbox-2.0.29.jar;C:\Users\Charan\.m2\repository\commons-logging\commons-logging\1.2\commons-logging-1.2.jar;C:\Users\Charan\.m2\repository\org\apache\poi\poi\5.2.3\poi-5.2.3.jar;C:\Users\Charan\.m2\repository\commons-codec\commons-codec\1.15\commons-codec-1.15.jar;C:\Users\Charan\.m2\repository\org\apache\commons\commons-collections4\4.4\commons-collections4-4.4.jar;C:\Users\Charan\.m2\repository\org\apache\commons\commons-math3\3.6.1\commons-math3-3.6.1.jar;C:\Users\Charan\.m2\repository\commons-io\commons-io\2.11.0\commons-io-2.11.0.jar;C:\Users\Charan\.m2\repository\com\zaxxer\SparseBitSet\1.2\SparseBitSet-1.2.jar;C:\Users\Charan\.m2\repository\org\apache\logging\log4j\log4j-api\2.20.0\log4j-api-2.20.0.jar;C:\Users\Charan\.m2\repository\org\apache\poi\poi-ooxml\5.2.3\poi-ooxml-5.2.3.jar;C:\Users\Charan\.m2\repository\org\apache\poi\poi-ooxml-lite\5.2.3\poi-ooxml-lite-5.2.3.jar;C:\Users\Charan\.m2\repository\org\apache\xmlbeans\xmlbeans\5.1.1\xmlbeans-5.1.1.jar;C:\Users\Charan\.m2\repository\org\apache\commons\commons-compress\1.21\commons-compress-1.21.jar;C:\Users\Charan\.m2\repository\com\github\virtuald\curvesapi\1.07\curvesapi-1.07.jar;C:\Users\Charan\.m2\repository\org\apache\poi\poi-scratchpad\5.2.3\poi-scratchpad-5.2.3.jar;C:\Users\Charan\.m2\repository\org\jsoup\jsoup\1.16.1\jsoup-1.16.1.jar;C:\Users\Charan\.m2\repository\org\slf4j\slf4j-api\2.0.9\slf4j-api-2.0.9.jar;C:\Users\Charan\.m2\repository\software\amazon\awssdk\s3\2.20.149\s3-2.20.149.jar;C:\Users\Charan\.m2\repository\software\amazon\awssdk\aws-xml-protocol\2.20.149\aws-xml-protocol-2.20.149.jar;C:\Users\Charan\.m2\repository\software\amazon\awssdk\aws-query-protocol\2.20.149\aws-query-protocol-2.20.149.jar;C:\Users\Charan\.m2\repository\software\amazon\awssdk\protocol-core\2.20.149\protocol-core-2.20.149.jar;C:\Users\Charan\.m2\repository\software\amazon\awssdk\arns\2.20.149\arns-2.20.149.jar;C:\Users\Charan\.m2\repository\software\amazon\awssdk\profiles\2.20.149\profiles-2.20.149.jar;C:\Users\Charan\.m2\repository\software\amazon\awssdk\crt-core\2.20.149\crt-core-2.20.149.jar;C:\Users\Charan\.m2\repository\software\amazon\awssdk\sdk-core\2.20.149\sdk-core-2.20.149.jar;C:\Users\Charan\.m2\repository\software\amazon\awssdk\auth\2.20.149\auth-2.20.149.jar;C:\Users\Charan\.m2\repository\software\amazon\eventstream\eventstream\1.0.1\eventstream-1.0.1.jar;C:\Users\Charan\.m2\repository\software\amazon\awssdk\http-client-spi\2.20.149\http-client-spi-2.20.149.jar;C:\Users\Charan\.m2\repository\software\amazon\awssdk\regions\2.20.149\regions-2.20.149.jar;C:\Users\Charan\.m2\repository\software\amazon\awssdk\annotations\2.20.149\annotations-2.20.149.jar;C:\Users\Charan\.m2\repository\software\amazon\awssdk\utils\2.20.149\utils-2.20.149.jar;C:\Users\Charan\.m2\repository\software\amazon\awssdk\aws-core\2.20.149\aws-core-2.20.149.jar;C:\Users\Charan\.m2\repository\software\amazon\awssdk\metrics-spi\2.20.149\metrics-spi-2.20.149.jar;C:\Users\Charan\.m2\repository\software\amazon\awssdk\json-utils\2.20.149\json-utils-2.20.149.jar;C:\Users\Charan\.m2\repository\software\amazon\awssdk\third-party-jackson-core\2.20.149\third-party-jackson-core-2.20.149.jar;C:\Users\Charan\.m2\repository\software\amazon\awssdk\endpoints-spi\2.20.149\endpoints-spi-2.20.149.jar;C:\Users\Charan\.m2\repository\software\amazon\awssdk\apache-client\2.20.149\apache-client-2.20.149.jar;C:\Users\Charan\.m2\repository\org\apache\httpcomponents\httpclient\4.5.13\httpclient-4.5.13.jar;C:\Users\Charan\.m2\repository\org\apache\httpcomponents\httpcore\4.4.16\httpcore-4.4.16.jar;C:\Users\Charan\.m2\repository\software\amazon\awssdk\netty-nio-client\2.20.149\netty-nio-client-2.20.149.jar;C:\Users\Charan\.m2\repository\io\netty\netty-codec\4.1.100.Final\netty-codec-4.1.100.Final.jar;C:\Users\Charan\.m2\repository\io\netty\netty-transport\4.1.100.Final\netty-transport-4.1.100.Final.jar;C:\Users\Charan\.m2\repository\io\netty\netty-common\4.1.100.Final\netty-common-4.1.100.Final.jar;C:\Users\Charan\.m2\repository\io\netty\netty-buffer\4.1.100.Final\netty-buffer-4.1.100.Final.jar;C:\Users\Charan\.m2\repository\io\netty\netty-transport-classes-epoll\4.1.100.Final\netty-transport-classes-epoll-4.1.100.Final.jar;C:\Users\Charan\.m2\repository\io\netty\netty-resolver\4.1.100.Final\netty-resolver-4.1.100.Final.jar;C:\Users\Charan\.m2\repository\dev\langchain4j\langchain4j-open-ai\0.24.0\langchain4j-open-ai-0.24.0.jar;C:\Users\Charan\.m2\repository\dev\ai4j\openai4j\0.10.0\openai4j-0.10.0.jar;C:\Users\Charan\.m2\repository\com\squareup\retrofit2\converter-gson\2.9.0\converter-gson-2.9.0.jar;C:\Users\Charan\.m2\repository\com\squareup\okhttp3\okhttp-sse\4.10.0\okhttp-sse-4.10.0.jar;C:\Users\Charan\.m2\repository\com\knuddels\jtokkit\0.6.1\jtokkit-0.6.1.jar;C:\Users\Charan\.m2\repository\com\theokanning\openai-gpt3-java\service\0.18.0\service-0.18.0.jar;C:\Users\Charan\.m2\repository\com\theokanning\openai-gpt3-java\client\0.18.0\client-0.18.0.jar;C:\Users\Charan\.m2\repository\com\theokanning\openai-gpt3-java\api\0.18.0\api-0.18.0.jar;C:\Users\Charan\.m2\repository\com\squareup\retrofit2\adapter-rxjava2\2.9.0\adapter-rxjava2-2.9.0.jar;C:\Users\Charan\.m2\repository\io\reactivex\rxjava2\rxjava\2.0.0\rxjava-2.0.0.jar;C:\Users\Charan\.m2\repository\org\reactivestreams\reactive-streams\1.0.4\reactive-streams-1.0.4.jar;C:\Users\Charan\.m2\repository\com\squareup\retrofit2\converter-jackson\2.9.0\converter-jackson-2.9.0.jar;C:\Users\Charan\.m2\repository\com\kjetland\mbknor-jackson-jsonschema_2.12\1.0.34\mbknor-jackson-jsonschema_2.12-1.0.34.jar;C:\Users\Charan\.m2\repository\org\scala-lang\scala-library\2.12.8\scala-library-2.12.8.jar;C:\Users\Charan\.m2\repository\javax\validation\validation-api\2.0.1.Final\validation-api-2.0.1.Final.jar;C:\Users\Charan\.m2\repository\io\github\classgraph\classgraph\4.8.21\classgraph-4.8.21.jar;C:\Users\Charan\.m2\repository\dev\langchain4j\langchain4j-spring-boot-starter\0.24.0\langchain4j-spring-boot-starter-0.24.0.jar;C:\Users\Charan\.m2\repository\dev\langchain4j\langchain4j-local-ai\0.24.0\langchain4j-local-ai-0.24.0.jar;C:\Users\Charan\.m2\repository\dev\langchain4j\langchain4j-hugging-face\0.24.0\langchain4j-hugging-face-0.24.0.jar;C:\Users\Charan\.m2\repository\org\projectlombok\lombok\1.18.30\lombok-1.18.30.jar;C:\Users\Charan\.m2\repository\org\springdoc\springdoc-openapi-starter-webmvc-ui\2.2.0\springdoc-openapi-starter-webmvc-ui-2.2.0.jar;C:\Users\Charan\.m2\repository\org\springdoc\springdoc-openapi-starter-webmvc-api\2.2.0\springdoc-openapi-starter-webmvc-api-2.2.0.jar;C:\Users\Charan\.m2\repository\org\springdoc\springdoc-openapi-starter-common\2.2.0\springdoc-openapi-starter-common-2.2.0.jar;C:\Users\Charan\.m2\repository\io\swagger\core\v3\swagger-core-jakarta\2.2.15\swagger-core-jakarta-2.2.15.jar;C:\Users\Charan\.m2\repository\org\apache\commons\commons-lang3\3.12.0\commons-lang3-3.12.0.jar;C:\Users\Charan\.m2\repository\io\swagger\core\v3\swagger-annotations-jakarta\2.2.15\swagger-annotations-jakarta-2.2.15.jar;C:\Users\Charan\.m2\repository\io\swagger\core\v3\swagger-models-jakarta\2.2.15\swagger-models-jakarta-2.2.15.jar;C:\Users\Charan\.m2\repository\com\fasterxml\jackson\dataformat\jackson-dataformat-yaml\2.15.3\jackson-dataformat-yaml-2.15.3.jar;C:\Users\Charan\.m2\repository\org\webjars\swagger-ui\5.2.0\swagger-ui-5.2.0.jar;C:\Users\Charan\.m2\repository\org\mapstruct\mapstruct\1.5.5.Final\mapstruct-1.5.5.Final.jar;C:\Users\Charan\.m2\repository\org\springframework\boot\spring-boot-starter-test\3.1.5\spring-boot-starter-test-3.1.5.jar;C:\Users\Charan\.m2\repository\org\springframework\boot\spring-boot-test\3.1.5\spring-boot-test-3.1.5.jar;C:\Users\Charan\.m2\repository\org\springframework\boot\spring-boot-test-autoconfigure\3.1.5\spring-boot-test-autoconfigure-3.1.5.jar;C:\Users\Charan\.m2\repository\com\jayway\jsonpath\json-path\2.8.0\json-path-2.8.0.jar;C:\Users\Charan\.m2\repository\jakarta\xml\bind\jakarta.xml.bind-api\4.0.1\jakarta.xml.bind-api-4.0.1.jar;C:\Users\Charan\.m2\repository\jakarta\activation\jakarta.activation-api\2.1.2\jakarta.activation-api-2.1.2.jar;C:\Users\Charan\.m2\repository\net\minidev\json-smart\2.4.11\json-smart-2.4.11.jar;C:\Users\Charan\.m2\repository\net\minidev\accessors-smart\2.4.11\accessors-smart-2.4.11.jar;C:\Users\Charan\.m2\repository\org\ow2\asm\asm\9.3\asm-9.3.jar;C:\Users\Charan\.m2\repository\org\assertj\assertj-core\3.24.2\assertj-core-3.24.2.jar;C:\Users\Charan\.m2\repository\org\hamcrest\hamcrest\2.2\hamcrest-2.2.jar;C:\Users\Charan\.m2\repository\org\junit\jupiter\junit-jupiter\5.9.3\junit-jupiter-5.9.3.jar;C:\Users\Charan\.m2\repository\org\junit\jupiter\junit-jupiter-params\5.9.3\junit-jupiter-params-5.9.3.jar;C:\Users\Charan\.m2\repository\org\junit\jupiter\junit-jupiter-engine\5.9.3\junit-jupiter-engine-5.9.3.jar;C:\Users\Charan\.m2\repository\org\junit\platform\junit-platform-engine\1.9.3\junit-platform-engine-1.9.3.jar;C:\Users\Charan\.m2\repository\org\mockito\mockito-junit-jupiter\5.3.1\mockito-junit-jupiter-5.3.1.jar;C:\Users\Charan\.m2\repository\org\skyscreamer\jsonassert\1.5.1\jsonassert-1.5.1.jar;C:\Users\Charan\.m2\repository\com\vaadin\external\google\android-json\0.0.20131108.vaadin1\android-json-0.0.20131108.vaadin1.jar;C:\Users\Charan\.m2\repository\org\springframework\spring-core\6.0.13\spring-core-6.0.13.jar;C:\Users\Charan\.m2\repository\org\springframework\spring-jcl\6.0.13\spring-jcl-6.0.13.jar;C:\Users\Charan\.m2\repository\org\springframework\spring-test\6.0.13\spring-test-6.0.13.jar;C:\Users\Charan\.m2\repository\org\xmlunit\xmlunit-core\2.9.1\xmlunit-core-2.9.1.jar;C:\Users\Charan\.m2\repository\org\junit\jupiter\junit-jupiter-api\5.9.3\junit-jupiter-api-5.9.3.jar;C:\Users\Charan\.m2\repository\org\opentest4j\opentest4j\1.2.0\opentest4j-1.2.0.jar;C:\Users\Charan\.m2\repository\org\junit\platform\junit-platform-commons\1.9.3\junit-platform-commons-1.9.3.jar;C:\Users\Charan\.m2\repository\org\apiguardian\apiguardian-api\1.1.2\apiguardian-api-1.1.2.jar;C:\Users\Charan\.m2\repository\org\mockito\mockito-core\5.3.1\mockito-core-5.3.1.jar;C:\Users\Charan\.m2\repository\net\bytebuddy\byte-buddy\1.14.9\byte-buddy-1.14.9.jar;C:\Users\Charan\.m2\repository\net\bytebuddy\byte-buddy-agent\1.14.9\byte-buddy-agent-1.14.9.jar;C:\Users\Charan\.m2\repository\org\objenesis\objenesis\3.3\objenesis-3.3.jar;C:\Users\Charan\.m2\repository\org\awaitility\awaitility\4.2.0\awaitility-4.2.0.jar;"/>
    <property name="java.vm.vendor" value="Oracle Corporation"/>
    <property name="sun.arch.data.model" value="64"/>
    <property name="user.variant" value=""/>
    <property name="java.vendor.url" value="https://java.oracle.com/"/>
    <property name="user.timezone" value="Asia/Calcutta"/>
    <property name="os.name" value="Windows 11"/>
    <property name="java.vm.specification.version" value="17"/>
    <property name="sun.java.launcher" value="SUN_STANDARD"/>
    <property name="user.country" value="GB"/>
    <property name="sun.boot.library.path" value="C:\AI\java\jdk-17.0.16\jdk-17.0.16\bin"/>
    <property name="sun.java.command" value="C:\Users\Charan\AppData\Local\Temp\surefire11313288224890138301\surefirebooter-20250907112036266_3.jar C:\Users\Charan\AppData\Local\Temp\surefire11313288224890138301 2025-09-07T11-20-36_033-jvmRun1 surefire-20250907112036266_1tmp surefire_0-20250907112036266_2tmp"/>
    <property name="jdk.debug" value="release"/>
    <property name="surefire.test.class.path" value="C:\AI\projects\sunrise-sunset-forecast\target\test-classes;C:\AI\projects\sunrise-sunset-forecast\target\classes;C:\Users\Charan\.m2\repository\org\springframework\boot\spring-boot-starter-web\3.1.5\spring-boot-starter-web-3.1.5.jar;C:\Users\Charan\.m2\repository\org\springframework\boot\spring-boot-starter\3.1.5\spring-boot-starter-3.1.5.jar;C:\Users\Charan\.m2\repository\org\springframework\boot\spring-boot\3.1.5\spring-boot-3.1.5.jar;C:\Users\Charan\.m2\repository\org\springframework\boot\spring-boot-autoconfigure\3.1.5\spring-boot-autoconfigure-3.1.5.jar;C:\Users\Charan\.m2\repository\org\springframework\boot\spring-boot-starter-logging\3.1.5\spring-boot-starter-logging-3.1.5.jar;C:\Users\Charan\.m2\repository\ch\qos\logback\logback-classic\1.4.11\logback-classic-1.4.11.jar;C:\Users\Charan\.m2\repository\ch\qos\logback\logback-core\1.4.11\logback-core-1.4.11.jar;C:\Users\Charan\.m2\repository\org\apache\logging\log4j\log4j-to-slf4j\2.20.0\log4j-to-slf4j-2.20.0.jar;C:\Users\Charan\.m2\repository\org\slf4j\jul-to-slf4j\2.0.9\jul-to-slf4j-2.0.9.jar;C:\Users\Charan\.m2\repository\jakarta\annotation\jakarta.annotation-api\2.1.1\jakarta.annotation-api-2.1.1.jar;C:\Users\Charan\.m2\repository\org\yaml\snakeyaml\1.33\snakeyaml-1.33.jar;C:\Users\Charan\.m2\repository\org\springframework\boot\spring-boot-starter-json\3.1.5\spring-boot-starter-json-3.1.5.jar;C:\Users\Charan\.m2\repository\com\fasterxml\jackson\datatype\jackson-datatype-jdk8\2.15.3\jackson-datatype-jdk8-2.15.3.jar;C:\Users\Charan\.m2\repository\com\fasterxml\jackson\datatype\jackson-datatype-jsr310\2.15.3\jackson-datatype-jsr310-2.15.3.jar;C:\Users\Charan\.m2\repository\com\fasterxml\jackson\module\jackson-module-parameter-names\2.15.3\jackson-module-parameter-names-2.15.3.jar;C:\Users\Charan\.m2\repository\org\springframework\boot\spring-boot-starter-tomcat\3.1.5\spring-boot-starter-tomcat-3.1.5.jar;C:\Users\Charan\.m2\repository\org\apache\tomcat\embed\tomcat-embed-core\10.1.15\tomcat-embed-core-10.1.15.jar;C:\Users\Charan\.m2\repository\org\apache\tomcat\embed\tomcat-embed-websocket\10.1.15\tomcat-embed-websocket-10.1.15.jar;C:\Users\Charan\.m2\repository\org\springframework\spring-web\6.0.13\spring-web-6.0.13.jar;C:\Users\Charan\.m2\repository\org\springframework\spring-beans\6.0.13\spring-beans-6.0.13.jar;C:\Users\Charan\.m2\repository\io\micrometer\micrometer-observation\1.11.5\micrometer-observation-1.11.5.jar;C:\Users\Charan\.m2\repository\io\micrometer\micrometer-commons\1.11.5\micrometer-commons-1.11.5.jar;C:\Users\Charan\.m2\repository\org\springframework\spring-webmvc\6.0.13\spring-webmvc-6.0.13.jar;C:\Users\Charan\.m2\repository\org\springframework\spring-aop\6.0.13\spring-aop-6.0.13.jar;C:\Users\Charan\.m2\repository\org\springframework\spring-context\6.0.13\spring-context-6.0.13.jar;C:\Users\Charan\.m2\repository\org\springframework\spring-expression\6.0.13\spring-expression-6.0.13.jar;C:\Users\Charan\.m2\repository\org\springframework\boot\spring-boot-starter-validation\3.1.5\spring-boot-starter-validation-3.1.5.jar;C:\Users\Charan\.m2\repository\org\apache\tomcat\embed\tomcat-embed-el\10.1.15\tomcat-embed-el-10.1.15.jar;C:\Users\Charan\.m2\repository\org\hibernate\validator\hibernate-validator\8.0.1.Final\hibernate-validator-8.0.1.Final.jar;C:\Users\Charan\.m2\repository\jakarta\validation\jakarta.validation-api\3.0.2\jakarta.validation-api-3.0.2.jar;C:\Users\Charan\.m2\repository\org\jboss\logging\jboss-logging\3.5.3.Final\jboss-logging-3.5.3.Final.jar;C:\Users\Charan\.m2\repository\com\fasterxml\classmate\1.5.1\classmate-1.5.1.jar;C:\Users\Charan\.m2\repository\org\springframework\boot\spring-boot-starter-cache\3.1.5\spring-boot-starter-cache-3.1.5.jar;C:\Users\Charan\.m2\repository\org\springframework\spring-context-support\6.0.13\spring-context-support-6.0.13.jar;C:\Users\Charan\.m2\repository\com\github\ben-manes\caffeine\caffeine\3.1.8\caffeine-3.1.8.jar;C:\Users\Charan\.m2\repository\org\checkerframework\checker-qual\3.37.0\checker-qual-3.37.0.jar;C:\Users\Charan\.m2\repository\com\google\errorprone\error_prone_annotations\2.21.1\error_prone_annotations-2.21.1.jar;C:\Users\Charan\.m2\repository\org\springframework\boot\spring-boot-starter-webflux\3.1.5\spring-boot-starter-webflux-3.1.5.jar;C:\Users\Charan\.m2\repository\org\springframework\boot\spring-boot-starter-reactor-netty\3.1.5\spring-boot-starter-reactor-netty-3.1.5.jar;C:\Users\Charan\.m2\repository\io\projectreactor\netty\reactor-netty-http\1.1.12\reactor-netty-http-1.1.12.jar;C:\Users\Charan\.m2\repository\io\netty\netty-codec-http\4.1.100.Final\netty-codec-http-4.1.100.Final.jar;C:\Users\Charan\.m2\repository\io\netty\netty-handler\4.1.100.Final\netty-handler-4.1.100.Final.jar;C:\Users\Charan\.m2\repository\io\netty\netty-codec-http2\4.1.100.Final\netty-codec-http2-4.1.100.Final.jar;C:\Users\Charan\.m2\repository\io\netty\netty-resolver-dns\4.1.100.Final\netty-resolver-dns-4.1.100.Final.jar;C:\Users\Charan\.m2\repository\io\netty\netty-codec-dns\4.1.100.Final\netty-codec-dns-4.1.100.Final.jar;C:\Users\Charan\.m2\repository\io\netty\netty-resolver-dns-native-macos\4.1.100.Final\netty-resolver-dns-native-macos-4.1.100.Final-osx-x86_64.jar;C:\Users\Charan\.m2\repository\io\netty\netty-resolver-dns-classes-macos\4.1.100.Final\netty-resolver-dns-classes-macos-4.1.100.Final.jar;C:\Users\Charan\.m2\repository\io\netty\netty-transport-native-epoll\4.1.100.Final\netty-transport-native-epoll-4.1.100.Final-linux-x86_64.jar;C:\Users\Charan\.m2\repository\io\netty\netty-transport-native-unix-common\4.1.100.Final\netty-transport-native-unix-common-4.1.100.Final.jar;C:\Users\Charan\.m2\repository\io\projectreactor\netty\reactor-netty-core\1.1.12\reactor-netty-core-1.1.12.jar;C:\Users\Charan\.m2\repository\io\netty\netty-handler-proxy\4.1.100.Final\netty-handler-proxy-4.1.100.Final.jar;C:\Users\Charan\.m2\repository\io\netty\netty-codec-socks\4.1.100.Final\netty-codec-socks-4.1.100.Final.jar;C:\Users\Charan\.m2\repository\org\springframework\spring-webflux\6.0.13\spring-webflux-6.0.13.jar;C:\Users\Charan\.m2\repository\io\projectreactor\reactor-core\3.5.11\reactor-core-3.5.11.jar;C:\Users\Charan\.m2\repository\com\squareup\okhttp3\okhttp\4.10.0\okhttp-4.10.0.jar;C:\Users\Charan\.m2\repository\com\squareup\okio\okio-jvm\3.0.0\okio-jvm-3.0.0.jar;C:\Users\Charan\.m2\repository\org\jetbrains\kotlin\kotlin-stdlib-jdk8\1.8.22\kotlin-stdlib-jdk8-1.8.22.jar;C:\Users\Charan\.m2\repository\org\jetbrains\kotlin\kotlin-stdlib-jdk7\1.8.22\kotlin-stdlib-jdk7-1.8.22.jar;C:\Users\Charan\.m2\repository\org\jetbrains\kotlin\kotlin-stdlib-common\1.8.22\kotlin-stdlib-common-1.8.22.jar;C:\Users\Charan\.m2\repository\org\jetbrains\kotlin\kotlin-stdlib\1.8.22\kotlin-stdlib-1.8.22.jar;C:\Users\Charan\.m2\repository\org\jetbrains\annotations\13.0\annotations-13.0.jar;C:\Users\Charan\.m2\repository\com\fasterxml\jackson\core\jackson-databind\2.15.3\jackson-databind-2.15.3.jar;C:\Users\Charan\.m2\repository\com\fasterxml\jackson\core\jackson-annotations\2.15.3\jackson-annotations-2.15.3.jar;C:\Users\Charan\.m2\repository\com\fasterxml\jackson\core\jackson-core\2.15.3\jackson-core-2.15.3.jar;C:\Users\Charan\.m2\repository\dev\langchain4j\langchain4j\0.24.0\langchain4j-0.24.0.jar;C:\Users\Charan\.m2\repository\dev\langchain4j\langchain4j-core\0.24.0\langchain4j-core-0.24.0.jar;C:\Users\Charan\.m2\repository\com\google\code\gson\gson\2.10.1\gson-2.10.1.jar;C:\Users\Charan\.m2\repository\com\github\spullara\mustache\java\compiler\0.9.10\compiler-0.9.10.jar;C:\Users\Charan\.m2\repository\com\squareup\retrofit2\retrofit\2.9.0\retrofit-2.9.0.jar;C:\Users\Charan\.m2\repository\org\apache\opennlp\opennlp-tools\1.9.4\opennlp-tools-1.9.4.jar;C:\Users\Charan\.m2\repository\org\apache\pdfbox\pdfbox\2.0.29\pdfbox-2.0.29.jar;C:\Users\Charan\.m2\repository\org\apache\pdfbox\fontbox\2.0.29\fontbox-2.0.29.jar;C:\Users\Charan\.m2\repository\commons-logging\commons-logging\1.2\commons-logging-1.2.jar;C:\Users\Charan\.m2\repository\org\apache\poi\poi\5.2.3\poi-5.2.3.jar;C:\Users\Charan\.m2\repository\commons-codec\commons-codec\1.15\commons-codec-1.15.jar;C:\Users\Charan\.m2\repository\org\apache\commons\commons-collections4\4.4\commons-collections4-4.4.jar;C:\Users\Charan\.m2\repository\org\apache\commons\commons-math3\3.6.1\commons-math3-3.6.1.jar;C:\Users\Charan\.m2\repository\commons-io\commons-io\2.11.0\commons-io-2.11.0.jar;C:\Users\Charan\.m2\repository\com\zaxxer\SparseBitSet\1.2\SparseBitSet-1.2.jar;C:\Users\Charan\.m2\repository\org\apache\logging\log4j\log4j-api\2.20.0\log4j-api-2.20.0.jar;C:\Users\Charan\.m2\repository\org\apache\poi\poi-ooxml\5.2.3\poi-ooxml-5.2.3.jar;C:\Users\Charan\.m2\repository\org\apache\poi\poi-ooxml-lite\5.2.3\poi-ooxml-lite-5.2.3.jar;C:\Users\Charan\.m2\repository\org\apache\xmlbeans\xmlbeans\5.1.1\xmlbeans-5.1.1.jar;C:\Users\Charan\.m2\repository\org\apache\commons\commons-compress\1.21\commons-compress-1.21.jar;C:\Users\Charan\.m2\repository\com\github\virtuald\curvesapi\1.07\curvesapi-1.07.jar;C:\Users\Charan\.m2\repository\org\apache\poi\poi-scratchpad\5.2.3\poi-scratchpad-5.2.3.jar;C:\Users\Charan\.m2\repository\org\jsoup\jsoup\1.16.1\jsoup-1.16.1.jar;C:\Users\Charan\.m2\repository\org\slf4j\slf4j-api\2.0.9\slf4j-api-2.0.9.jar;C:\Users\Charan\.m2\repository\software\amazon\awssdk\s3\2.20.149\s3-2.20.149.jar;C:\Users\Charan\.m2\repository\software\amazon\awssdk\aws-xml-protocol\2.20.149\aws-xml-protocol-2.20.149.jar;C:\Users\Charan\.m2\repository\software\amazon\awssdk\aws-query-protocol\2.20.149\aws-query-protocol-2.20.149.jar;C:\Users\Charan\.m2\repository\software\amazon\awssdk\protocol-core\2.20.149\protocol-core-2.20.149.jar;C:\Users\Charan\.m2\repository\software\amazon\awssdk\arns\2.20.149\arns-2.20.149.jar;C:\Users\Charan\.m2\repository\software\amazon\awssdk\profiles\2.20.149\profiles-2.20.149.jar;C:\Users\Charan\.m2\repository\software\amazon\awssdk\crt-core\2.20.149\crt-core-2.20.149.jar;C:\Users\Charan\.m2\repository\software\amazon\awssdk\sdk-core\2.20.149\sdk-core-2.20.149.jar;C:\Users\Charan\.m2\repository\software\amazon\awssdk\auth\2.20.149\auth-2.20.149.jar;C:\Users\Charan\.m2\repository\software\amazon\eventstream\eventstream\1.0.1\eventstream-1.0.1.jar;C:\Users\Charan\.m2\repository\software\amazon\awssdk\http-client-spi\2.20.149\http-client-spi-2.20.149.jar;C:\Users\Charan\.m2\repository\software\amazon\awssdk\regions\2.20.149\regions-2.20.149.jar;C:\Users\Charan\.m2\repository\software\amazon\awssdk\annotations\2.20.149\annotations-2.20.149.jar;C:\Users\Charan\.m2\repository\software\amazon\awssdk\utils\2.20.149\utils-2.20.149.jar;C:\Users\Charan\.m2\repository\software\amazon\awssdk\aws-core\2.20.149\aws-core-2.20.149.jar;C:\Users\Charan\.m2\repository\software\amazon\awssdk\metrics-spi\2.20.149\metrics-spi-2.20.149.jar;C:\Users\Charan\.m2\repository\software\amazon\awssdk\json-utils\2.20.149\json-utils-2.20.149.jar;C:\Users\Charan\.m2\repository\software\amazon\awssdk\third-party-jackson-core\2.20.149\third-party-jackson-core-2.20.149.jar;C:\Users\Charan\.m2\repository\software\amazon\awssdk\endpoints-spi\2.20.149\endpoints-spi-2.20.149.jar;C:\Users\Charan\.m2\repository\software\amazon\awssdk\apache-client\2.20.149\apache-client-2.20.149.jar;C:\Users\Charan\.m2\repository\org\apache\httpcomponents\httpclient\4.5.13\httpclient-4.5.13.jar;C:\Users\Charan\.m2\repository\org\apache\httpcomponents\httpcore\4.4.16\httpcore-4.4.16.jar;C:\Users\Charan\.m2\repository\software\amazon\awssdk\netty-nio-client\2.20.149\netty-nio-client-2.20.149.jar;C:\Users\Charan\.m2\repository\io\netty\netty-codec\4.1.100.Final\netty-codec-4.1.100.Final.jar;C:\Users\Charan\.m2\repository\io\netty\netty-transport\4.1.100.Final\netty-transport-4.1.100.Final.jar;C:\Users\Charan\.m2\repository\io\netty\netty-common\4.1.100.Final\netty-common-4.1.100.Final.jar;C:\Users\Charan\.m2\repository\io\netty\netty-buffer\4.1.100.Final\netty-buffer-4.1.100.Final.jar;C:\Users\Charan\.m2\repository\io\netty\netty-transport-classes-epoll\4.1.100.Final\netty-transport-classes-epoll-4.1.100.Final.jar;C:\Users\Charan\.m2\repository\io\netty\netty-resolver\4.1.100.Final\netty-resolver-4.1.100.Final.jar;C:\Users\Charan\.m2\repository\dev\langchain4j\langchain4j-open-ai\0.24.0\langchain4j-open-ai-0.24.0.jar;C:\Users\Charan\.m2\repository\dev\ai4j\openai4j\0.10.0\openai4j-0.10.0.jar;C:\Users\Charan\.m2\repository\com\squareup\retrofit2\converter-gson\2.9.0\converter-gson-2.9.0.jar;C:\Users\Charan\.m2\repository\com\squareup\okhttp3\okhttp-sse\4.10.0\okhttp-sse-4.10.0.jar;C:\Users\Charan\.m2\repository\com\knuddels\jtokkit\0.6.1\jtokkit-0.6.1.jar;C:\Users\Charan\.m2\repository\com\theokanning\openai-gpt3-java\service\0.18.0\service-0.18.0.jar;C:\Users\Charan\.m2\repository\com\theokanning\openai-gpt3-java\client\0.18.0\client-0.18.0.jar;C:\Users\Charan\.m2\repository\com\theokanning\openai-gpt3-java\api\0.18.0\api-0.18.0.jar;C:\Users\Charan\.m2\repository\com\squareup\retrofit2\adapter-rxjava2\2.9.0\adapter-rxjava2-2.9.0.jar;C:\Users\Charan\.m2\repository\io\reactivex\rxjava2\rxjava\2.0.0\rxjava-2.0.0.jar;C:\Users\Charan\.m2\repository\org\reactivestreams\reactive-streams\1.0.4\reactive-streams-1.0.4.jar;C:\Users\Charan\.m2\repository\com\squareup\retrofit2\converter-jackson\2.9.0\converter-jackson-2.9.0.jar;C:\Users\Charan\.m2\repository\com\kjetland\mbknor-jackson-jsonschema_2.12\1.0.34\mbknor-jackson-jsonschema_2.12-1.0.34.jar;C:\Users\Charan\.m2\repository\org\scala-lang\scala-library\2.12.8\scala-library-2.12.8.jar;C:\Users\Charan\.m2\repository\javax\validation\validation-api\2.0.1.Final\validation-api-2.0.1.Final.jar;C:\Users\Charan\.m2\repository\io\github\classgraph\classgraph\4.8.21\classgraph-4.8.21.jar;C:\Users\Charan\.m2\repository\dev\langchain4j\langchain4j-spring-boot-starter\0.24.0\langchain4j-spring-boot-starter-0.24.0.jar;C:\Users\Charan\.m2\repository\dev\langchain4j\langchain4j-local-ai\0.24.0\langchain4j-local-ai-0.24.0.jar;C:\Users\Charan\.m2\repository\dev\langchain4j\langchain4j-hugging-face\0.24.0\langchain4j-hugging-face-0.24.0.jar;C:\Users\Charan\.m2\repository\org\projectlombok\lombok\1.18.30\lombok-1.18.30.jar;C:\Users\Charan\.m2\repository\org\springdoc\springdoc-openapi-starter-webmvc-ui\2.2.0\springdoc-openapi-starter-webmvc-ui-2.2.0.jar;C:\Users\Charan\.m2\repository\org\springdoc\springdoc-openapi-starter-webmvc-api\2.2.0\springdoc-openapi-starter-webmvc-api-2.2.0.jar;C:\Users\Charan\.m2\repository\org\springdoc\springdoc-openapi-starter-common\2.2.0\springdoc-openapi-starter-common-2.2.0.jar;C:\Users\Charan\.m2\repository\io\swagger\core\v3\swagger-core-jakarta\2.2.15\swagger-core-jakarta-2.2.15.jar;C:\Users\Charan\.m2\repository\org\apache\commons\commons-lang3\3.12.0\commons-lang3-3.12.0.jar;C:\Users\Charan\.m2\repository\io\swagger\core\v3\swagger-annotations-jakarta\2.2.15\swagger-annotations-jakarta-2.2.15.jar;C:\Users\Charan\.m2\repository\io\swagger\core\v3\swagger-models-jakarta\2.2.15\swagger-models-jakarta-2.2.15.jar;C:\Users\Charan\.m2\repository\com\fasterxml\jackson\dataformat\jackson-dataformat-yaml\2.15.3\jackson-dataformat-yaml-2.15.3.jar;C:\Users\Charan\.m2\repository\org\webjars\swagger-ui\5.2.0\swagger-ui-5.2.0.jar;C:\Users\Charan\.m2\repository\org\mapstruct\mapstruct\1.5.5.Final\mapstruct-1.5.5.Final.jar;C:\Users\Charan\.m2\repository\org\springframework\boot\spring-boot-starter-test\3.1.5\spring-boot-starter-test-3.1.5.jar;C:\Users\Charan\.m2\repository\org\springframework\boot\spring-boot-test\3.1.5\spring-boot-test-3.1.5.jar;C:\Users\Charan\.m2\repository\org\springframework\boot\spring-boot-test-autoconfigure\3.1.5\spring-boot-test-autoconfigure-3.1.5.jar;C:\Users\Charan\.m2\repository\com\jayway\jsonpath\json-path\2.8.0\json-path-2.8.0.jar;C:\Users\Charan\.m2\repository\jakarta\xml\bind\jakarta.xml.bind-api\4.0.1\jakarta.xml.bind-api-4.0.1.jar;C:\Users\Charan\.m2\repository\jakarta\activation\jakarta.activation-api\2.1.2\jakarta.activation-api-2.1.2.jar;C:\Users\Charan\.m2\repository\net\minidev\json-smart\2.4.11\json-smart-2.4.11.jar;C:\Users\Charan\.m2\repository\net\minidev\accessors-smart\2.4.11\accessors-smart-2.4.11.jar;C:\Users\Charan\.m2\repository\org\ow2\asm\asm\9.3\asm-9.3.jar;C:\Users\Charan\.m2\repository\org\assertj\assertj-core\3.24.2\assertj-core-3.24.2.jar;C:\Users\Charan\.m2\repository\org\hamcrest\hamcrest\2.2\hamcrest-2.2.jar;C:\Users\Charan\.m2\repository\org\junit\jupiter\junit-jupiter\5.9.3\junit-jupiter-5.9.3.jar;C:\Users\Charan\.m2\repository\org\junit\jupiter\junit-jupiter-params\5.9.3\junit-jupiter-params-5.9.3.jar;C:\Users\Charan\.m2\repository\org\junit\jupiter\junit-jupiter-engine\5.9.3\junit-jupiter-engine-5.9.3.jar;C:\Users\Charan\.m2\repository\org\junit\platform\junit-platform-engine\1.9.3\junit-platform-engine-1.9.3.jar;C:\Users\Charan\.m2\repository\org\mockito\mockito-junit-jupiter\5.3.1\mockito-junit-jupiter-5.3.1.jar;C:\Users\Charan\.m2\repository\org\skyscreamer\jsonassert\1.5.1\jsonassert-1.5.1.jar;C:\Users\Charan\.m2\repository\com\vaadin\external\google\android-json\0.0.20131108.vaadin1\android-json-0.0.20131108.vaadin1.jar;C:\Users\Charan\.m2\repository\org\springframework\spring-core\6.0.13\spring-core-6.0.13.jar;C:\Users\Charan\.m2\repository\org\springframework\spring-jcl\6.0.13\spring-jcl-6.0.13.jar;C:\Users\Charan\.m2\repository\org\springframework\spring-test\6.0.13\spring-test-6.0.13.jar;C:\Users\Charan\.m2\repository\org\xmlunit\xmlunit-core\2.9.1\xmlunit-core-2.9.1.jar;C:\Users\Charan\.m2\repository\org\junit\jupiter\junit-jupiter-api\5.9.3\junit-jupiter-api-5.9.3.jar;C:\Users\Charan\.m2\repository\org\opentest4j\opentest4j\1.2.0\opentest4j-1.2.0.jar;C:\Users\Charan\.m2\repository\org\junit\platform\junit-platform-commons\1.9.3\junit-platform-commons-1.9.3.jar;C:\Users\Charan\.m2\repository\org\apiguardian\apiguardian-api\1.1.2\apiguardian-api-1.1.2.jar;C:\Users\Charan\.m2\repository\org\mockito\mockito-core\5.3.1\mockito-core-5.3.1.jar;C:\Users\Charan\.m2\repository\net\bytebuddy\byte-buddy\1.14.9\byte-buddy-1.14.9.jar;C:\Users\Charan\.m2\repository\net\bytebuddy\byte-buddy-agent\1.14.9\byte-buddy-agent-1.14.9.jar;C:\Users\Charan\.m2\repository\org\objenesis\objenesis\3.3\objenesis-3.3.jar;C:\Users\Charan\.m2\repository\org\awaitility\awaitility\4.2.0\awaitility-4.2.0.jar;"/>
    <property name="sun.cpu.endian" value="little"/>
    <property name="user.home" value="C:\Users\Charan"/>
    <property name="user.language" value="en"/>
    <property name="java.specification.vendor" value="Oracle Corporation"/>
    <property name="java.version.date" value="2025-07-15"/>
    <property name="java.home" value="C:\AI\java\jdk-17.0.16\jdk-17.0.16"/>
    <property name="file.separator" value="\"/>
    <property name="basedir" value="C:\AI\projects\sunrise-sunset-forecast"/>
    <property name="java.vm.compressedOopsMode" value="32-bit"/>
    <property name="line.separator" value="&#10;"/>
    <property name="java.vm.specification.vendor" value="Oracle Corporation"/>
    <property name="java.specification.name" value="Java Platform API Specification"/>
    <property name="surefire.real.class.path" value="C:\Users\Charan\AppData\Local\Temp\surefire11313288224890138301\surefirebooter-20250907112036266_3.jar"/>
    <property name="user.script" value=""/>
    <property name="sun.management.compiler" value="HotSpot 64-Bit Tiered Compilers"/>
    <property name="java.runtime.version" value="17.0.16+12-LTS-247"/>
    <property name="user.name" value="Charan"/>
    <property name="path.separator" value=";"/>
    <property name="os.version" value="10.0"/>
    <property name="java.runtime.name" value="Java(TM) SE Runtime Environment"/>
    <property name="file.encoding" value="Cp1252"/>
    <property name="java.vm.name" value="Java HotSpot(TM) 64-Bit Server VM"/>
    <property name="localRepository" value="C:\Users\Charan\.m2\repository"/>
    <property name="java.vendor.url.bug" value="https://bugreport.java.com/bugreport/"/>
    <property name="java.io.tmpdir" value="C:\Users\Charan\AppData\Local\Temp\"/>
    <property name="java.version" value="17.0.16"/>
    <property name="user.dir" value="C:\AI\projects\sunrise-sunset-forecast"/>
    <property name="os.arch" value="amd64"/>
    <property name="java.vm.specification.name" value="Java Virtual Machine Specification"/>
    <property name="sun.os.patch.level" value=""/>
    <property name="native.encoding" value="Cp1252"/>
    <property name="java.library.path" value="C:\AI\java\jdk-17.0.16\jdk-17.0.16\bin;C:\WINDOWS\Sun\Java\bin;C:\WINDOWS\system32;C:\WINDOWS;C:\AI\java\jdk-17.0.16\jdk-17.0.16\bin;C:\Program Files\Common Files\Oracle\Java\javapath;C:\Program Files (x86)\Common Files\Oracle\Java\javapath;C:\WINDOWS\system32;C:\WINDOWS;C:\WINDOWS\System32\Wbem;C:\WINDOWS\System32\WindowsPowerShell\v1.0\;C:\WINDOWS\System32\OpenSSH\;C:\Program Files\Java\jdk1.8.0_271\bin;C:\Charan\Softwares\apache-maven-3.6.3-bin\apache-maven-3.6.3\bin;C:\Program Files\Git\cmd;C:\Program Files\nodejs\;C:\xampp\php;C:\ProgramData\ComposerSetup\bin;C:\Program Files\HP\HP One Agent;C:\WINDOWS\system32;C:\WINDOWS;C:\WINDOWS\System32\Wbem;C:\WINDOWS\System32\WindowsPowerShell\v1.0\;C:\WINDOWS\System32\OpenSSH\;C:\AI\python\condabin;C:\AI\python\Scripts;C:\Program Files\Docker\Docker\resources\bin;C:\Users\Charan\AppData\Local\Programs\Python\Python39\Scripts\;C:\Users\Charan\AppData\Local\Programs\Python\Python39\;C:\Users\Charan\AppData\Local\Microsoft\WindowsApps;C:\AI\java\jdk-17.0.16\jdk-17.0.16\bin;C:\Users\Charan\AppData\Local\Programs\Microsoft VS Code\bin;C:\Users\Charan\AppData\Roaming\npm;C:\Users\Charan\AppData\Local\GitHubDesktop\bin;C:\Users\Charan\AppData\Roaming\Composer\vendor\bin;C:\Users\Charan\AppData\Local\Programs\Ollama;C:\Users\Charan\AppData\Local\Programs\Windsurf\bin;;."/>
    <property name="java.vm.info" value="mixed mode, sharing"/>
    <property name="java.vendor" value="Oracle Corporation"/>
    <property name="java.vm.version" value="17.0.16+12-LTS-247"/>
    <property name="java.specification.maintenance.version" value="1"/>
    <property name="sun.io.unicode.encoding" value="UnicodeLittle"/>
    <property name="java.class.version" value="61.0"/>
  </properties>
  <testcase name="getSunForecast_ShouldReturnResponse_WhenCityIsValid" classname="com.example.sunrisesunsetforecast.client.OpenMeteoClientTest" time="2.879">
    <system-out><![CDATA[11:20:40.582 [main] INFO com.example.sunrisesunsetforecast.client.OpenMeteoClient -- Fetching coordinates for city: London
]]></system-out>
  </testcase>
</testsuite>